<?xml version="1.0" encoding="UTF-8"?>
<!-- Generated by org.testng.reporters.JUnitXMLReporter -->
<testsuite ignored="0" hostname="Think-Pad" failures="0" tests="5" name="Default test" time="0.082" errors="0" timestamp="2024-01-23T18:57:39 EST">
  <testcase classname="com.testng.test.HowToPriotyTheTest" name="getRun5" time="0.013"/>
  <testcase classname="com.testng.test.HowToPriotyTheTest" name="getRun1" time="0.001"/>
  <testcase classname="com.testng.test.HowToPriotyTheTest" name="getRun2" time="0.001"/>
  <testcase classname="com.testng.test.HowToPriotyTheTest" name="getRun3" time="0.003"/>
  <testcase classname="com.testng.test.HowToPriotyTheTest" name="getRun4" time="0.002"/>
</testsuite> <!-- Default test -->
