<?xml version="1.0" encoding="UTF-8"?>
<!-- Generated by org.testng.reporters.JUnitXMLReporter -->
<testsuite ignored="4" hostname="Think-Pad" failures="0" tests="1" name="Default test" time="0.028" errors="0" timestamp="14 Jan 2024 21:40:14 GMT">
  <testcase classname="com.testng.test.HowToRunOnlyFailedTest" name="getRun2" time="0.011"/>
  <testcase classname="com.testng.test.HowToRunOnlyFailedTest" name="getRun5" time="0.0">
    <ignored/>
  </testcase> <!-- getRun5 -->
  <testcase classname="com.testng.test.HowToRunOnlyFailedTest" name="getRun3" time="0.0">
    <ignored/>
  </testcase> <!-- getRun3 -->
  <testcase classname="com.testng.test.HowToRunOnlyFailedTest" name="getRun1" time="0.0">
    <ignored/>
  </testcase> <!-- getRun1 -->
  <testcase classname="com.testng.test.HowToRunOnlyFailedTest" name="getRun4" time="0.0">
    <ignored/>
  </testcase> <!-- getRun4 -->
</testsuite> <!-- Default test -->
