<?xml version="1.0" encoding="UTF-8"?>
<!-- Generated by org.testng.reporters.JUnitXMLReporter -->
<testsuite ignored="0" hostname="Think-Pad" failures="0" tests="3" name="Test" time="2.833" errors="0" timestamp="2024-01-18T19:54:24 EST">
  <testcase classname="com.testng.test.ParallaleTesting" name="getTest2" time="2.728"/>
  <testcase classname="com.testng.test.ParallaleTesting" name="getTest3" time="2.728"/>
  <testcase classname="com.testng.test.ParallaleTesting" name="getTest1" time="2.773"/>
</testsuite> <!-- Test -->
