<?xml version="1.0" encoding="UTF-8"?>
<!-- Generated by org.testng.reporters.JUnitXMLReporter -->
<testsuite ignored="0" hostname="Think-Pad" failures="0" tests="3" name="Test" time="4.749" errors="0" timestamp="2024-01-14T18:00:55 EST">
  <testcase classname="com.testng.test.ParallaleTesting" name="getTest3" time="4.637"/>
  <testcase classname="com.testng.test.ParallaleTesting" name="getTest2" time="4.645"/>
  <testcase classname="com.testng.test.ParallaleTesting" name="getTest1" time="4.693"/>
</testsuite> <!-- Test -->
