<?xml version="1.0" encoding="UTF-8"?>
<!-- Generated by org.testng.reporters.JUnitXMLReporter -->
<testsuite ignored="3" hostname="Think-Pad" failures="0" tests="2" name="Test(failed)" time="0.024" errors="0" timestamp="14 Jan 2024 21:42:29 GMT">
  <testcase classname="com.testng.test.HowToRunOnlyFailedTest" name="getRun3" time="0.008"/>
  <testcase classname="com.testng.test.HowToRunOnlyFailedTest" name="getRun4" time="0.0"/>
  <testcase classname="com.testng.test.HowToRunOnlyFailedTest" name="getRun5" time="0.0">
    <ignored/>
  </testcase> <!-- getRun5 -->
  <testcase classname="com.testng.test.HowToRunOnlyFailedTest" name="getRun1" time="0.0">
    <ignored/>
  </testcase> <!-- getRun1 -->
  <testcase classname="com.testng.test.HowToRunOnlyFailedTest" name="getRun2" time="0.0">
    <ignored/>
  </testcase> <!-- getRun2 -->
</testsuite> <!-- Test(failed) -->
