<?xml version="1.0" encoding="UTF-8"?>
<testng-results ignored="0" total="2" passed="2" failed="0" skipped="0">
  <reporter-output>
  </reporter-output>
  <suite started-at="2024-01-16T19:03:31 EST" name="Default suite" finished-at="2024-01-16T19:03:31 EST" duration-ms="65">
    <groups>
    </groups>
    <test started-at="2024-01-16T19:03:31 EST" name="Default test" finished-at="2024-01-16T19:03:31 EST" duration-ms="65">
      <class name="com.testng.test.DataProbiderTest">
        <test-method signature="myData(java.lang.String)[pri:0, instance:com.testng.test.DataProbiderTest@5e2c3d18]" started-at="2024-01-16T19:03:31 EST" name="myData" data-provider="userName" finished-at="2024-01-16T19:03:31 EST" duration-ms="7" status="PASS">
          <params>
            <param index="0">
              <value>
                <![CDATA[alammmohammed79@gmail.com]]>
              </value>
            </param>
          </params>
          <reporter-output>
          </reporter-output>
        </test-method> <!-- myData -->
        <test-method signature="myData(java.lang.String)[pri:0, instance:com.testng.test.DataProbiderTest@5e2c3d18]" started-at="2024-01-16T19:03:31 EST" name="myData" data-provider="userName" finished-at="2024-01-16T19:03:31 EST" duration-ms="1" status="PASS">
          <params>
            <param index="0">
              <value>
                <![CDATA[SAYEDawan2008@]]>
              </value>
            </param>
          </params>
          <reporter-output>
          </reporter-output>
        </test-method> <!-- myData -->
      </class> <!-- com.testng.test.DataProbiderTest -->
    </test> <!-- Default test -->
  </suite> <!-- Default suite -->
</testng-results>
