<?xml version="1.0" encoding="UTF-8"?>
<testng-results ignored="0" total="1" passed="1" failed="0" skipped="0">
  <reporter-output>
  </reporter-output>
  <suite started-at="2023-11-19T23:57:13Z" name="Suite1" finished-at="2023-11-19T23:57:23Z" duration-ms="10821">
    <groups>
      <group name="cucumber">
        <method signature="AbstractTestNGCucumberTests.runScenario(io.cucumber.testng.PickleWrapper, io.cucumber.testng.FeatureWrapper)[pri:0, instance:golbaltek.ny.ruuner.MyRunner@3cdf2c61]" name="runScenario" class="io.cucumber.testng.AbstractTestNGCucumberTests"/>
      </group> <!-- cucumber -->
    </groups>
    <test started-at="2023-11-19T23:57:13Z" name="validate login test" finished-at="2023-11-19T23:57:23Z" duration-ms="10821">
      <class name="golbaltek.ny.ruuner.MyRunner">
        <test-method is-config="true" signature="setUpClass()[pri:0, instance:golbaltek.ny.ruuner.MyRunner@3cdf2c61]" started-at="2023-11-19T23:57:13Z" name="setUpClass" finished-at="2023-11-19T23:57:13Z" duration-ms="387" status="PASS">
          <reporter-output>
          </reporter-output>
        </test-method> <!-- setUpClass -->
        <test-method signature="runScenario(io.cucumber.testng.PickleWrapper, io.cucumber.testng.FeatureWrapper)[pri:0, instance:golbaltek.ny.ruuner.MyRunner@3cdf2c61]" started-at="2023-11-19T23:57:13Z" name="runScenario" description="Runs Cucumber Scenarios" data-provider="scenarios" finished-at="2023-11-19T23:57:23Z" duration-ms="10364" status="PASS">
          <params>
            <param index="0">
              <value>
                <![CDATA["Valid able loging the application."]]>
              </value>
            </param>
            <param index="1">
              <value>
                <![CDATA["Optional[Validate login functionalties]"]]>
              </value>
            </param>
          </params>
          <reporter-output>
          </reporter-output>
        </test-method> <!-- runScenario -->
        <test-method is-config="true" signature="tearDownClass()[pri:0, instance:golbaltek.ny.ruuner.MyRunner@3cdf2c61]" started-at="2023-11-19T23:57:23Z" name="tearDownClass" finished-at="2023-11-19T23:57:23Z" duration-ms="27" status="PASS">
          <reporter-output>
          </reporter-output>
        </test-method> <!-- tearDownClass -->
      </class> <!-- golbaltek.ny.ruuner.MyRunner -->
    </test> <!-- validate login test -->
  </suite> <!-- Suite1 -->
</testng-results>
